# JRE version: Java(TM) SE Runtime Environment (8.0_201-b09) (build 1.8.0_201-b09)
# Java VM: Java HotSpot(TM) 64-Bit Server VM (25.201-b09 mixed mode windows-amd64 compressed oops)
Heap:
 PSYoungGen      total 352768K, used 140206K [0x000000076b380000, 0x0000000785180000, 0x00000007c0000000)
  eden space 339968K, 41% used [0x000000076b380000,0x0000000773c6b9b0,0x000000077ff80000)
  from space 12800K, 0% used [0x000000077ff80000,0x000000077ff80000,0x0000000780c00000)
  to   space 16384K, 0% used [0x0000000784180000,0x0000000784180000,0x0000000785180000)
 ParOldGen       total 215552K, used 28819K [0x00000006c1a00000, 0x00000006cec80000, 0x000000076b380000)
  object space 215552K, 13% used [0x00000006c1a00000,0x00000006c3624e48,0x00000006cec80000)
 Metaspace       used 58617K, capacity 61256K, committed 61464K, reserved 1101824K
  class space    used 8001K, capacity 8460K, committed 8496K, reserved 1048576K
GC Heap History (10 events):
Event: 3.721 GC heap before
{Heap before GC invocations=8 (full 1):
 PSYoungGen      total 218624K, used 39435K [0x000000076b380000, 0x0000000779600000, 0x00000007c0000000)
  eden space 210432K, 14% used [0x000000076b380000,0x000000076d203090,0x0000000778100000)
  from space 8192K, 99% used [0x0000000778d00000,0x00000007794ffce0,0x0000000779500000)
  to   space 10752K, 0% used [0x0000000778100000,0x0000000778100000,0x0000000778b80000)
 ParOldGen       total 94720K, used 9117K [0x00000006c1a00000, 0x00000006c7680000, 0x000000076b380000)
  object space 94720K, 9% used [0x00000006c1a00000,0x00000006c22e7608,0x00000006c7680000)
 Metaspace       used 34295K, capacity 35384K, committed 35496K, reserved 1079296K
  class space    used 4628K, capacity 4874K, committed 4912K, reserved 1048576K
Event: 3.728 GC heap after
Heap after GC invocations=8 (full 1):
 PSYoungGen      total 221184K, used 7792K [0x000000076b380000, 0x0000000781880000, 0x00000007c0000000)
  eden space 210432K, 0% used [0x000000076b380000,0x000000076b380000,0x0000000778100000)
  from space 10752K, 72% used [0x0000000778100000,0x000000077889c270,0x0000000778b80000)
  to   space 10240K, 0% used [0x0000000780e80000,0x0000000780e80000,0x0000000781880000)
 ParOldGen       total 94720K, used 9125K [0x00000006c1a00000, 0x00000006c7680000, 0x000000076b380000)
  object space 94720K, 9% used [0x00000006c1a00000,0x00000006c22e9608,0x00000006c7680000)
 Metaspace       used 34295K, capacity 35384K, committed 35496K, reserved 1079296K
  class space    used 4628K, capacity 4874K, committed 4912K, reserved 1048576K
}
Event: 3.728 GC heap before
{Heap before GC invocations=9 (full 2):
 PSYoungGen      total 221184K, used 7792K [0x000000076b380000, 0x0000000781880000, 0x00000007c0000000)
  eden space 210432K, 0% used [0x000000076b380000,0x000000076b380000,0x0000000778100000)
  from space 10752K, 72% used [0x0000000778100000,0x000000077889c270,0x0000000778b80000)
  to   space 10240K, 0% used [0x0000000780e80000,0x0000000780e80000,0x0000000781880000)
 ParOldGen       total 94720K, used 9125K [0x00000006c1a00000, 0x00000006c7680000, 0x000000076b380000)
  object space 94720K, 9% used [0x00000006c1a00000,0x00000006c22e9608,0x00000006c7680000)
 Metaspace       used 34295K, capacity 35384K, committed 35496K, reserved 1079296K
  class space    used 4628K, capacity 4874K, committed 4912K, reserved 1048576K
Event: 3.773 GC heap after
Heap after GC invocations=9 (full 2):
 PSYoungGen      total 221184K, used 0K [0x000000076b380000, 0x0000000781880000, 0x00000007c0000000)
  eden space 210432K, 0% used [0x000000076b380000,0x000000076b380000,0x0000000778100000)
  from space 10752K, 0% used [0x0000000778100000,0x0000000778100000,0x0000000778b80000)
  to   space 10240K, 0% used [0x0000000780e80000,0x0000000780e80000,0x0000000781880000)
 ParOldGen       total 145920K, used 12637K [0x00000006c1a00000, 0x00000006ca880000, 0x000000076b380000)
  object space 145920K, 8% used [0x00000006c1a00000,0x00000006c26577b8,0x00000006ca880000)
 Metaspace       used 34295K, capacity 35384K, committed 35496K, reserved 1079296K
  class space    used 4628K, capacity 4874K, committed 4912K, reserved 1048576K
}
Event: 5.315 GC heap before
{Heap before GC invocations=10 (full 2):
 PSYoungGen      total 221184K, used 210432K [0x000000076b380000, 0x0000000781880000, 0x00000007c0000000)
  eden space 210432K, 100% used [0x000000076b380000,0x0000000778100000,0x0000000778100000)
  from space 10752K, 0% used [0x0000000778100000,0x0000000778100000,0x0000000778b80000)
  to   space 10240K, 0% used [0x0000000780e80000,0x0000000780e80000,0x0000000781880000)
 ParOldGen       total 145920K, used 12637K [0x00000006c1a00000, 0x00000006ca880000, 0x000000076b380000)
  object space 145920K, 8% used [0x00000006c1a00000,0x00000006c26577b8,0x00000006ca880000)
 Metaspace       used 46520K, capacity 47930K, committed 48176K, reserved 1091584K
  class space    used 6360K, capacity 6655K, committed 6704K, reserved 1048576K
Event: 5.325 GC heap after
Heap after GC invocations=10 (full 2):
 PSYoungGen      total 320000K, used 10232K [0x000000076b380000, 0x0000000781880000, 0x00000007c0000000)
  eden space 309760K, 0% used [0x000000076b380000,0x000000076b380000,0x000000077e200000)
  from space 10240K, 99% used [0x0000000780e80000,0x000000078187e190,0x0000000781880000)
  to   space 12800K, 0% used [0x000000077ff80000,0x000000077ff80000,0x0000000780c00000)
 ParOldGen       total 145920K, used 15369K [0x00000006c1a00000, 0x00000006ca880000, 0x000000076b380000)
  object space 145920K, 10% used [0x00000006c1a00000,0x00000006c2902480,0x00000006ca880000)
 Metaspace       used 46520K, capacity 47930K, committed 48176K, reserved 1091584K
  class space    used 6360K, capacity 6655K, committed 6704K, reserved 1048576K
}
Event: 7.287 GC heap before
{Heap before GC invocations=11 (full 2):
 PSYoungGen      total 320000K, used 297009K [0x000000076b380000, 0x0000000781880000, 0x00000007c0000000)
  eden space 309760K, 92% used [0x000000076b380000,0x000000077cb8e298,0x000000077e200000)
  from space 10240K, 99% used [0x0000000780e80000,0x000000078187e190,0x0000000781880000)
  to   space 12800K, 0% used [0x000000077ff80000,0x000000077ff80000,0x0000000780c00000)
 ParOldGen       total 145920K, used 15369K [0x00000006c1a00000, 0x00000006ca880000, 0x000000076b380000)
  object space 145920K, 10% used [0x00000006c1a00000,0x00000006c2902480,0x00000006ca880000)
 Metaspace       used 56723K, capacity 59104K, committed 59160K, reserved 1099776K
  class space    used 7762K, capacity 8206K, committed 8240K, reserved 1048576K
Event: 7.304 GC heap after
Heap after GC invocations=11 (full 2):
 PSYoungGen      total 352768K, used 12792K [0x000000076b380000, 0x0000000785180000, 0x00000007c0000000)
  eden space 339968K, 0% used [0x000000076b380000,0x000000076b380000,0x000000077ff80000)
  from space 12800K, 99% used [0x000000077ff80000,0x0000000780bfe0c0,0x0000000780c00000)
  to   space 16384K, 0% used [0x0000000784180000,0x0000000784180000,0x0000000785180000)
 ParOldGen       total 145920K, used 21291K [0x00000006c1a00000, 0x00000006ca880000, 0x000000076b380000)
  object space 145920K, 14% used [0x00000006c1a00000,0x00000006c2ecac90,0x00000006ca880000)
 Metaspace       used 56723K, capacity 59104K, committed 59160K, reserved 1099776K
  class space    used 7762K, capacity 8206K, committed 8240K, reserved 1048576K
}
Event: 7.304 GC heap before
{Heap before GC invocations=12 (full 3):
 PSYoungGen      total 352768K, used 12792K [0x000000076b380000, 0x0000000785180000, 0x00000007c0000000)
  eden space 339968K, 0% used [0x000000076b380000,0x000000076b380000,0x000000077ff80000)
  from space 12800K, 99% used [0x000000077ff80000,0x0000000780bfe0c0,0x0000000780c00000)
  to   space 16384K, 0% used [0x0000000784180000,0x0000000784180000,0x0000000785180000)
 ParOldGen       total 145920K, used 21291K [0x00000006c1a00000, 0x00000006ca880000, 0x000000076b380000)
  object space 145920K, 14% used [0x00000006c1a00000,0x00000006c2ecac90,0x00000006ca880000)
 Metaspace       used 56723K, capacity 59104K, committed 59160K, reserved 1099776K
  class space    used 7762K, capacity 8206K, committed 8240K, reserved 1048576K
Event: 7.446 GC heap after
Heap after GC invocations=12 (full 3):
 PSYoungGen      total 352768K, used 0K [0x000000076b380000, 0x0000000785180000, 0x00000007c0000000)
  eden space 339968K, 0% used [0x000000076b380000,0x000000076b380000,0x000000077ff80000)
  from space 12800K, 0% used [0x000000077ff80000,0x000000077ff80000,0x0000000780c00000)
  to   space 16384K, 0% used [0x0000000784180000,0x0000000784180000,0x0000000785180000)
 ParOldGen       total 215552K, used 28819K [0x00000006c1a00000, 0x00000006cec80000, 0x000000076b380000)
  object space 215552K, 13% used [0x00000006c1a00000,0x00000006c3624e48,0x00000006cec80000)
 Metaspace       used 56723K, capacity 59104K, committed 59160K, reserved 1099776K
  class space    used 7762K, capacity 8206K, committed 8240K, reserved 1048576K
}

